<?xml version="1.0" encoding="UTF-8" standalone="no"?>
<CCIObjects
  xmlns:xsi="http://www.w3.org/2001/XMLSchema-instance" category="CciApps" exporttime="2017-04-20T12:46:35" parameterset="NGExportSpooler" structure="Budget" systemid="ngx_wan-ngiotest" variant="thewest_Online">
  <object id="B88449955Z.1" kind="Budget">
    <attributes>
      <attribute group="NGBudgetPackage" kind="string" name="Id">TEST-1.1</attribute>
      <attribute group="NGBudgetPackage" kind="string" name="Product">thewest_Online</attribute>
      <attribute group="NGBudgetPackage" kind="string" name="Path1">theWest</attribute>
      <attribute group="NGBudgetPackage" kind="string" name="Path2"/>
      <attribute group="NGBudgetPackage" kind="string" name="Path3"/>
      <attribute group="NGBudgetPackage" kind="string" name="Path4"/>
      <attribute group="NGBudgetPackage" kind="string" name="Path5"/>
      <attribute group="NGBudgetPackage" kind="integer" name="ProductRanking">0</attribute>
      <attribute group="NGBudgetPackage" kind="boolean" name="AutoExport">true</attribute>
      <attribute group="NGBudgetPackage" kind="string" name="PackageType">news</attribute>
      <attribute group="NGBudgetPackage" kind="string" name="Path6"/>
      <attribute group="NGBudgetPackage" kind="string" name="NewsRoomOwner">TheWest</attribute>
      <attribute group="NGBudgetPackage" kind="string" name="Name">thewest_Online</attribute>
      <attribute group="ExtraInfo" kind="string" name="State">Created</attribute>
      <attribute group="ExtraInfo" kind="string" name="DestinationExternalId">theWest</attribute>
      <attribute group="ExtraInfo" kind="string" name="LeafExternalId"/>
    </attributes>
    <parents>
      <object id="B61319003Z.1" kind="Story">
        <attributes>
          <attribute group="NGStory" kind="string" name="Name">StoryName</attribute>
        </attributes>
        <parents>
          <object id="B58316Z.1" kind="Desk">
            <attributes>
              <attribute group="NGDesk" kind="string" name="Name">News</attribute>
            </attributes>
          </object>
        </parents>
      </object>
    </parents>
    <children>
      <object id="G6V10BHCL.2" kind="OnlineArticle">
        <attributes>
          <attribute group="Graph" kind="string" name="Name">onlinearticle.xml</attribute>
        </attributes>
        <content>
          <data format="text/xml">
            <CCIObjects>
              <object id="G6V10BHCL.2" kind="OnlineArticle">
                <attributes>
                  <attribute group="xml" name="PRIMARY TOPIC">news/australia</attribute>
                  <attribute group="xml" name="SECONDARY TOPICS">sport/wafl</attribute>
                  <attribute group="xml" name="blogstate">blog-not-present</attribute>
                  <attribute group="xml" name="canonicalurl"/>
                  <attribute group="xml" name="expirydate"/>
                  <attribute group="xml" name="notes"/>
                  <attribute name="publicationdate" group="xml">06-05-2017 12:01:00</attribute>
                  <attribute group="xml" name="redirecturl"/>
                  <attribute group="xml" name="source">The West Australian</attribute>
                  <attribute group="xml" name="status">live</attribute>
                </attributes>
                <content/>
              </object>
            </CCIObjects>
          </data>
        </content>
      </object>
      <object id="GBV10BHFJ.1" kind="Text">
        <attributes>
          <attribute group="Graph" kind="string" name="Id">GBV10BHFJ.1</attribute>
          <attribute group="Graph" kind="integer" name="CustomState">1</attribute>
          <attribute group="Graph" kind="string" name="Uid">BV10BHFJ</attribute>
          <attribute group="Graph" kind="string" name="IIM_Destination"/>
          <attribute group="Graph" kind="string" name="IIM_ServiceId"/>
          <attribute group="Graph" kind="string" name="IIM_ProductId"/>
          <attribute group="Graph" kind="string" name="IIM_SuppCategory"/>
          <attribute group="Graph" kind="string" name="IIM_SpecialInstr"/>
          <attribute group="Graph" kind="string" name="IIM_Source"/>
          <attribute group="Graph" kind="integer" name="ContextualUse">0</attribute>
          <attribute group="Graph" kind="string" name="Name">thewest_Online</attribute>
          <attribute group="Graph" kind="integer" name="ContentState">200</attribute>
          <attribute group="ExtraInfo" kind="string" name="State">Created</attribute>
        </attributes>
        <content>
          <data format="text/xml">
            <cci:ccitext
              xmlns:cci="urn:schemas-ccieurope.com"
              xmlns:ccit="http://www.ccieurope.com/xmlns/ccimltables"
              xmlns:ccix="http://www.ccieurope.com/xmlns/ccimlextensions" xsi:schemaLocation="urn:schemas-ccieurope.com cci.xsd">
              <cci:head_kicker class="element" displayname="head_kicker" name="head_kicker">
                <cci:p>Sample head kicker</cci:p>
              </cci:head_kicker>
              <cci:homepage_head class="element" displayname="homepage_head" name="homepage_head">
                <cci:p>Sample homepage head</cci:p>
              </cci:homepage_head>
              <cci:homepage_teaser class="element" displayname="homepage_teaser" name="homepage_teaser">
                <cci:p>Sample homepage teaser</cci:p>
              </cci:homepage_teaser>
              <cci:head class="element" displayname="head" name="head">
                <cci:p>Sample head</cci:p>
              </cci:head>
              <cci:byline class="element" displayname="byline" name="byline">
                <cci:p>By Test User</cci:p>
              </cci:byline>
              <cci:body class="element" displayname="body" name="body">
                <cci:p>Test article body</cci:p>
              </cci:body>
            </cci:ccitext>
          </data>
        </content>
        <parents>
          <object id="B64981885Z.1" kind="Assignment">
            <attributes>
              <attribute group="NGItemCollection" kind="dateTime" name="DeliveryTime">1970-01-01T08:00:00+08:00</attribute>
              <attribute group="NGItemCollection" kind="integer" name="TaskType">1</attribute>
              <attribute group="NGItemCollection" kind="string" name="Name">thewest_Online</attribute>
            </attributes>
          </object>
        </parents>
      </object>
    </children>
  </object>
</CCIObjects>